<?xml version="1.0" encoding="UTF-8"?>
<testng-results ignored="0" total="2" passed="2" failed="0" skipped="0">
  <reporter-output>
  </reporter-output>
  <suite started-at="2022-09-14T14:42:50 IST" name="Default suite" finished-at="2022-09-14T14:45:26 IST" duration-ms="156192">
    <groups>
      <group name="cucumber">
        <method signature="AbstractTestNGCucumberTests.runScenario(io.cucumber.testng.PickleWrapper,io.cucumber.testng.FeatureWrapper)[pri:0, instance:testRunner.TestRunner@3e694b3f]" name="runScenario" class="io.cucumber.testng.AbstractTestNGCucumberTests"/>
      </group> <!-- cucumber -->
    </groups>
    <test started-at="2022-09-14T14:42:50 IST" name="Default test" finished-at="2022-09-14T14:45:26 IST" duration-ms="156192">
      <class name="testRunner.TestRunner">
        <test-method is-config="true" signature="setUpClass(org.testng.ITestContext)[pri:0, instance:testRunner.TestRunner@3e694b3f]" started-at="2022-09-14T14:42:50 IST" name="setUpClass" finished-at="2022-09-14T14:42:53 IST" duration-ms="3326" status="PASS">
          <params>
            <param index="0">
              <value>
                <![CDATA[org.testng.TestRunner@26d96e5]]>
              </value>
            </param>
          </params>
          <reporter-output>
          </reporter-output>
        </test-method> <!-- setUpClass -->
        <test-method signature="runScenario(io.cucumber.testng.PickleWrapper,io.cucumber.testng.FeatureWrapper)[pri:0, instance:testRunner.TestRunner@3e694b3f]" started-at="2022-09-14T14:42:53 IST" name="runScenario" description="Runs Cucumber Scenarios" data-provider="scenarios" finished-at="2022-09-14T14:45:15 IST" duration-ms="142008" status="PASS">
          <params>
            <param index="0">
              <value>
                <![CDATA["Clicking any of the products in product category"]]>
              </value>
            </param>
            <param index="1">
              <value>
                <![CDATA["Shop the product with product category"]]>
              </value>
            </param>
          </params>
          <reporter-output>
          </reporter-output>
        </test-method> <!-- runScenario -->
        <test-method signature="runScenario(io.cucumber.testng.PickleWrapper,io.cucumber.testng.FeatureWrapper)[pri:0, instance:testRunner.TestRunner@3e694b3f]" started-at="2022-09-14T14:42:53 IST" name="runScenario" description="Runs Cucumber Scenarios" data-provider="scenarios" finished-at="2022-09-14T14:45:15 IST" duration-ms="141540" status="PASS">
          <params>
            <param index="0">
              <value>
                <![CDATA["Search the items by Filter by Price"]]>
              </value>
            </param>
            <param index="1">
              <value>
                <![CDATA["Shop Filter by Price functionality"]]>
              </value>
            </param>
          </params>
          <reporter-output>
          </reporter-output>
        </test-method> <!-- runScenario -->
        <test-method is-config="true" signature="tearDownClass()[pri:0, instance:testRunner.TestRunner@3e694b3f]" started-at="2022-09-14T14:45:16 IST" name="tearDownClass" finished-at="2022-09-14T14:45:26 IST" duration-ms="10011" status="PASS">
          <reporter-output>
          </reporter-output>
        </test-method> <!-- tearDownClass -->
      </class> <!-- testRunner.TestRunner -->
    </test> <!-- Default test -->
  </suite> <!-- Default suite -->
</testng-results>
